2023.07.04 08:26:53 INFO  Started: Metals version 0.11.12 in workspace '/Users/enriquecarretero/Library/CloudStorage/OneDrive-Efrei/M1/SOFTWARE_ENGINEERING/functionnal programming/sudoku' for client Visual Studio Code 1.79.2.
Jul 04, 2023 8:26:53 AM org.flywaydb.core.internal.license.VersionPrinter printVersionOnly
INFO: Flyway Community Edition 9.16.3 by Redgate
Jul 04, 2023 8:26:53 AM org.flywaydb.core.internal.license.VersionPrinter printVersion
INFO: See release notes here: https://rd.gt/416ObMi
Jul 04, 2023 8:26:53 AM org.flywaydb.core.internal.license.VersionPrinter printVersion
INFO: 
Jul 04, 2023 8:26:53 AM org.flywaydb.core.internal.database.base.BaseDatabaseType createDatabase
INFO: Database: jdbc:h2:file:/Users/enriquecarretero/Library/CloudStorage/OneDrive-Efrei/M1/SOFTWARE_ENGINEERING/functionnal programming/sudoku/.metals/metals (H2 2.1)
Jul 04, 2023 8:26:53 AM org.flywaydb.core.internal.schemahistory.JdbcTableSchemaHistory allAppliedMigrations
INFO: Schema history table "PUBLIC"."flyway_schema_history" does not exist yet
Jul 04, 2023 8:26:53 AM org.flywaydb.core.internal.command.DbValidate validate
INFO: Successfully validated 4 migrations (execution time 00:00.029s)
Jul 04, 2023 8:26:53 AM org.flywaydb.core.internal.schemahistory.JdbcTableSchemaHistory create
INFO: Creating Schema History table "PUBLIC"."flyway_schema_history" ...
Jul 04, 2023 8:26:53 AM org.flywaydb.core.internal.command.DbMigrate migrateGroup
INFO: Current version of schema "PUBLIC": << Empty Schema >>
Jul 04, 2023 8:26:53 AM org.flywaydb.core.internal.command.DbMigrate doMigrateGroup
INFO: Migrating schema "PUBLIC" to version "1 - Create tables"
Jul 04, 2023 8:26:53 AM org.flywaydb.core.internal.command.DbMigrate doMigrateGroup
INFO: Migrating schema "PUBLIC" to version "2 - Server discovery"
Jul 04, 2023 8:26:53 AM org.flywaydb.core.internal.command.DbMigrate doMigrateGroup
INFO: Migrating schema "PUBLIC" to version "3 - Jar symbols"
Jul 04, 2023 8:26:53 AM org.flywaydb.core.internal.command.DbMigrate doMigrateGroup
INFO: Migrating schema "PUBLIC" to version "4 - Fingerprints"
Jul 04, 2023 8:26:53 AM org.flywaydb.core.internal.command.DbMigrate logSummary
INFO: Successfully applied 4 migrations to schema "PUBLIC", now at version v4 (execution time 00:00.152s)
2023.07.04 08:26:54 INFO  time: initialize in 0.81s
2023.07.04 08:26:58 WARN  Build server is not auto-connectable.
2023.07.04 08:34:28 WARN  no build target for: /Users/enriquecarretero/Library/CloudStorage/OneDrive-Efrei/M1/SOFTWARE_ENGINEERING/functionnal programming/sudoku/build.sbt
2023.07.04 08:34:34 INFO  no build target found for /Users/enriquecarretero/Library/CloudStorage/OneDrive-Efrei/M1/SOFTWARE_ENGINEERING/functionnal programming/sudoku/build.sbt. Using presentation compiler with project's scala-library version: 3.2.2
2023.07.04 08:34:36 INFO  time: code lens generation in 7.51s
2023.07.04 08:35:07 WARN  no build target for: /Users/enriquecarretero/Library/CloudStorage/OneDrive-Efrei/M1/SOFTWARE_ENGINEERING/functionnal programming/sudoku/build.sbt
2023.07.04 08:35:10 INFO  running '/Users/enriquecarretero/.jabba/jdk/openjdk@1.17.0/Contents/Home/bin/java -Djline.terminal=jline.UnsupportedTerminal -Dsbt.log.noformat=true -Dfile.encoding=UTF-8 -jar /var/folders/k_/_5_0dd8x6lv92_vyckg104gr0000gn/T/metals14919554858440290302/sbt-launch.jar -Dbloop.export-jar-classifiers=sources bloopInstall'
2023.07.04 08:35:10 WARN  no build target for: /Users/enriquecarretero/Library/CloudStorage/OneDrive-Efrei/M1/SOFTWARE_ENGINEERING/functionnal programming/sudoku/project/metals.sbt
2023.07.04 08:35:10 WARN  no build target for: /Users/enriquecarretero/Library/CloudStorage/OneDrive-Efrei/M1/SOFTWARE_ENGINEERING/functionnal programming/sudoku/project/project/metals.sbt
2023.07.04 08:35:12 INFO  [info] welcome to sbt 1.9.0 (Oracle Corporation Java 17)
2023.07.04 08:35:16 INFO  [info] loading settings for project sudoku-build-build from metals.sbt ...
2023.07.04 08:35:17 INFO  [info] loading project definition from /Users/enriquecarretero/Library/CloudStorage/OneDrive-Efrei/M1/SOFTWARE_ENGINEERING/functionnal programming/sudoku/project/project
2023.07.04 08:35:21 INFO  [info] loading settings for project sudoku-build from metals.sbt ...
2023.07.04 08:35:21 INFO  [info] loading project definition from /Users/enriquecarretero/Library/CloudStorage/OneDrive-Efrei/M1/SOFTWARE_ENGINEERING/functionnal programming/sudoku/project
2023.07.04 08:35:25 INFO  [success] Generated .bloop/sudoku-build.json
2023.07.04 08:35:25 INFO  [success] Total time: 4 s, completed Jul 4, 2023, 8:35:25 AM
2023.07.04 08:35:28 INFO  [info] loading settings for project root from build.sbt ...
2023.07.04 08:35:28 INFO  [info] set current project to sudoku-solver (in build file:/Users/enriquecarretero/Library/CloudStorage/OneDrive-Efrei/M1/SOFTWARE_ENGINEERING/functionnal%20programming/sudoku/)
2023.07.04 08:35:33 INFO  [success] Generated .bloop/root-test.json
2023.07.04 08:35:33 INFO  [success] Generated .bloop/root.json
2023.07.04 08:35:33 INFO  [success] Total time: 5 s, completed Jul 4, 2023, 8:35:33 AM
2023.07.04 08:35:33 INFO  time: ran 'sbt bloopInstall' in 23s
2023.07.04 08:35:33 INFO  Attempting to connect to the build server...
2023.07.04 08:35:33 INFO  Bloop uses /Users/enriquecarretero/.jabba/jdk/openjdk@1.17.0/Contents/Home defined at /Users/enriquecarretero/.bloop/bloop.json
2023.07.04 08:35:33 INFO  tracing is disabled for protocol BSP, to enable tracing of incoming and outgoing JSON messages create an empty file at /Users/enriquecarretero/Library/CloudStorage/OneDrive-Efrei/M1/SOFTWARE_ENGINEERING/functionnal programming/sudoku/.metals/bsp.trace.json or /Users/enriquecarretero/Library/Caches/org.scalameta.metals/bsp.trace.json
2023.07.04 08:35:33 INFO  Attempting to connect to the build server...
2023.07.04 08:35:33 INFO  Bloop uses /Users/enriquecarretero/.jabba/jdk/openjdk@1.17.0/Contents/Home defined at /Users/enriquecarretero/.bloop/bloop.json
2023.07.04 08:35:33 INFO  tracing is disabled for protocol BSP, to enable tracing of incoming and outgoing JSON messages create an empty file at /Users/enriquecarretero/Library/CloudStorage/OneDrive-Efrei/M1/SOFTWARE_ENGINEERING/functionnal programming/sudoku/project/.metals/bsp.trace.json or /Users/enriquecarretero/Library/Caches/org.scalameta.metals/bsp.trace.json
2023.07.04 08:35:33 INFO  time: Connected to build server in 0.61s
2023.07.04 08:35:33 INFO  Connected to Build server: Bloop v1.5.6
2023.07.04 08:35:36 INFO  Required scalafmt dialect rewrite to 'scala3'. Directories:
- src/main/scala
2023.07.04 08:35:43 INFO  time: code lens generation in 5.03s
2023.07.04 08:35:44 INFO  time: indexed workspace in 10s
2023.07.04 08:35:49 INFO  skipping build import with status 'Installed'
2023.07.04 08:37:17 INFO  compiling root (1 scala source)
2023.07.04 08:37:21 INFO  time: compiled root in 4.8s
2023.07.04 08:37:32 INFO  compiling root (1 scala source)
2023.07.04 08:37:35 INFO  time: compiled root in 3.25s
Jul 04, 2023 8:58:57 AM org.eclipse.lsp4j.jsonrpc.RemoteEndpoint handleCancellation
WARNING: Unmatched cancel notification for request id 104
Jul 04, 2023 9:16:04 AM org.eclipse.lsp4j.jsonrpc.RemoteEndpoint handleCancellation
WARNING: Unmatched cancel notification for request id 137
Jul 04, 2023 9:16:07 AM org.eclipse.lsp4j.jsonrpc.RemoteEndpoint handleCancellation
WARNING: Unmatched cancel notification for request id 155
2023.07.04 09:17:21 INFO  compiling root (1 scala source)
2023.07.04 09:17:24 INFO  time: compiled root in 2.2s
2023.07.04 09:19:29 INFO  compiling root (1 scala source)
2023.07.04 09:19:31 INFO  time: compiled root in 1.57s
Jul 04, 2023 9:22:20 AM org.eclipse.lsp4j.jsonrpc.services.GenericEndpoint notify
INFO: Unsupported notification method: $/setTrace
2023.07.04 09:22:26 INFO  compiling root (1 scala source)
2023.07.04 09:22:28 INFO  time: compiled root in 1.93s
2023.07.04 09:25:18 INFO  compiling root (1 scala source)
2023.07.04 09:25:19 INFO  time: compiled root in 1.1s
Jul 04, 2023 9:33:29 AM org.eclipse.lsp4j.jsonrpc.RemoteEndpoint handleCancellation
WARNING: Unmatched cancel notification for request id 1555
2023.07.04 09:33:38 INFO  compiling root (1 scala source)
2023.07.04 09:33:39 INFO  time: compiled root in 1.1s
2023.07.04 09:35:30 INFO  compiling root (1 scala source)
2023.07.04 09:35:30 INFO  time: compiled root in 0.81s
Jul 04, 2023 9:35:44 AM org.eclipse.lsp4j.jsonrpc.RemoteEndpoint handleCancellation
WARNING: Unmatched cancel notification for request id 1965
2023.07.04 09:36:25 INFO  compiling root (1 scala source)
2023.07.04 09:36:25 WARN  Could not load snapshot text for /Users/enriquecarretero/Library/CloudStorage/OneDrive-Efrei/M1/SOFTWARE_ENGINEERING/functionnal programming/sudoku/src/main/scala/Main.scala
2023.07.04 09:36:26 INFO  time: compiled root in 1.61s
2023.07.04 09:57:02 INFO  compiling root (1 scala source)
2023.07.04 09:57:05 INFO  time: compiled root in 2.53s
Jul 04, 2023 9:58:26 AM org.eclipse.lsp4j.jsonrpc.RemoteEndpoint handleCancellation
WARNING: Unmatched cancel notification for request id 2655
2023.07.04 10:00:10 INFO  compiling root (1 scala source)
2023.07.04 10:00:12 INFO  time: compiled root in 1.42s
Jul 04, 2023 10:07:00 AM org.eclipse.lsp4j.jsonrpc.RemoteEndpoint handleCancellation
WARNING: Unmatched cancel notification for request id 2900
Jul 04, 2023 10:09:09 AM org.eclipse.lsp4j.jsonrpc.RemoteEndpoint handleCancellation
WARNING: Unmatched cancel notification for request id 3161
2023.07.04 10:10:05 INFO  compiling root (1 scala source)
2023.07.04 10:10:06 INFO  time: compiled root in 1.14s
2023.07.04 10:11:04 INFO  compiling root (1 scala source)
2023.07.04 10:11:06 INFO  time: compiled root in 2.05s
2023.07.04 10:11:22 INFO  compiling root (1 scala source)
2023.07.04 10:11:24 INFO  time: compiled root in 1.78s
2023.07.04 10:11:35 INFO  compiling root (1 scala source)
2023.07.04 10:11:36 INFO  time: compiled root in 1.34s
Jul 04, 2023 10:13:27 AM org.eclipse.lsp4j.jsonrpc.services.GenericEndpoint notify
INFO: Unsupported notification method: $/setTrace
